<?xml version="1.0" encoding="UTF-8"?>
<!-- Generated by org.testng.reporters.JUnitReportReporter -->
<testsuite hostname="LAPTOP-DI1V5LOI" failures="0" tests="4" name="utils.ExcelDataProvider" time="27.864" errors="0" timestamp="2023-02-13T12:34:08 CST" skipped="0">
  <testcase classname="utils.ExcelDataProvider" name="test1" time="8.162"/>
  <system-out/>
  <testcase classname="utils.ExcelDataProvider" name="test1" time="6.461"/>
  <system-out/>
  <testcase classname="utils.ExcelDataProvider" name="test1" time="6.494"/>
  <system-out/>
  <testcase classname="utils.ExcelDataProvider" name="test1" time="6.747"/>
  <system-out/>
</testsuite> <!-- utils.ExcelDataProvider -->
