<?xml version="1.0" encoding="UTF-8"?>
<!-- Generated by org.testng.reporters.JUnitReportReporter -->
<testsuite hostname="LAPTOP-DI1V5LOI" failures="0" tests="6" name="demo.TestNGGoupsDemo" time="0.009" errors="0" timestamp="2023-02-13T20:02:20 CST" skipped="0">
  <testcase classname="demo.TestNGGoupsDemo" name="test4" time="0.000"/>
  <system-out/>
  <testcase classname="demo.TestNGGoupsDemo" name="test5" time="0.000"/>
  <system-out/>
  <testcase classname="demo.TestNGGoupsDemo" name="test1" time="0.006"/>
  <system-out/>
  <testcase classname="demo.TestNGGoupsDemo" name="test6" time="0.001"/>
  <system-out/>
  <testcase classname="demo.TestNGGoupsDemo" name="test2" time="0.001"/>
  <system-out/>
  <testcase classname="demo.TestNGGoupsDemo" name="test3" time="0.001"/>
  <system-out/>
</testsuite> <!-- demo.TestNGGoupsDemo -->
