<?xml version="1.0" encoding="UTF-8"?>
<!-- Generated by org.testng.reporters.JUnitReportReporter -->
<testsuite hostname="LAPTOP-DI1V5LOI" failures="0" tests="4" name="listeners.TestNGListenerdemo2" time="0.013" errors="0" timestamp="2023-02-13T13:24:56 CST" skipped="1">
  <testcase classname="listeners.TestNGListenerdemo2" name="test5" time="0.009"/>
  <system-out/>
  <testcase classname="listeners.TestNGListenerdemo2" name="test8" time="0.001"/>
  <system-out/>
  <testcase classname="listeners.TestNGListenerdemo2" name="test7" time="0.002">
    <skipped/>
  </testcase> <!-- test7 -->
  <system-out/>
  <testcase classname="listeners.TestNGListenerdemo2" name="test6" time="0.001"/>
  <system-out/>
</testsuite> <!-- listeners.TestNGListenerdemo2 -->
