<?xml version="1.0" encoding="UTF-8"?>
<!-- Generated by org.testng.reporters.JUnitReportReporter -->
<testsuite hostname="LAPTOP-DI1V5LOI" failures="0" tests="2" name="demo.TestNGIgnoredemo" time="0.008" errors="0" timestamp="2023-02-14T09:14:32 CST" skipped="0">
  <testcase classname="demo.TestNGIgnoredemo" name="Test2" time="0.007"/>
  <system-out/>
  <testcase classname="demo.TestNGIgnoredemo" name="Test3" time="0.001"/>
  <system-out/>
</testsuite> <!-- demo.TestNGIgnoredemo -->
