<?xml version="1.0" encoding="UTF-8"?>
<!-- Generated by org.testng.reporters.JUnitReportReporter -->
<testsuite hostname="LAPTOP-DI1V5LOI" failures="0" tests="3" name="demo.TestNGDependenciesDemo" time="0.009" errors="0" timestamp="2023-02-14T09:03:59 CST" skipped="0">
  <testcase classname="demo.TestNGDependenciesDemo" name="Test1" time="0.001"/>
  <system-out/>
  <testcase classname="demo.TestNGDependenciesDemo" name="Test2" time="0.007"/>
  <system-out/>
  <testcase classname="demo.TestNGDependenciesDemo" name="Test3" time="0.001"/>
  <system-out/>
</testsuite> <!-- demo.TestNGDependenciesDemo -->
