<?xml version="1.0" encoding="UTF-8"?>
<!-- Generated by org.testng.reporters.JUnitReportReporter -->
<testsuite hostname="LAPTOP-DI1V5LOI" failures="0" tests="1" name="demo.KatalonDemo" time="12.656" errors="0" timestamp="2023-02-14T09:59:27 CST" skipped="0">
  <testcase classname="demo.KatalonDemo" name="testKatalonDemo" time="12.656"/>
  <system-out/>
</testsuite> <!-- demo.KatalonDemo -->
