<?xml version="1.0" encoding="UTF-8"?>
<!-- Generated by org.testng.reporters.JUnitReportReporter -->
<testsuite hostname="LAPTOP-DI1V5LOI" failures="0" tests="1" name="test.TestNG_Demo" time="7.010" errors="0" timestamp="2023-02-13T13:16:26 CST" skipped="0">
  <testcase classname="test.TestNG_Demo" name="googleSearch" time="7.010"/>
  <system-out/>
</testsuite> <!-- test.TestNG_Demo -->
