<?xml version="1.0" encoding="UTF-8"?>
<!-- Generated by org.testng.reporters.JUnitReportReporter -->
<testsuite hostname="LAPTOP-DI1V5LOI" failures="0" tests="2" name="test.ExtentReportsTestNG" time="11.406" errors="0" timestamp="2023-02-13T13:16:26 CST" skipped="0">
  <testcase classname="test.ExtentReportsTestNG" name="test2" time="4.388"/>
  <system-out/>
  <testcase classname="test.ExtentReportsTestNG" name="test1" time="7.018"/>
  <system-out/>
</testsuite> <!-- test.ExtentReportsTestNG -->
