<?xml version="1.0" encoding="UTF-8"?>
<!-- Generated by org.testng.reporters.JUnitReportReporter -->
<testsuite hostname="LAPTOP-DI1V5LOI" failures="0" tests="3" name="listeners.TestNGListenerdemo" time="24.280" errors="0" timestamp="2023-02-13T14:13:23 CST" skipped="1">
  <testcase classname="listeners.TestNGListenerdemo" name="test2" time="24.278"/>
  <system-out/>
  <testcase classname="listeners.TestNGListenerdemo" name="test1" time="0.001"/>
  <system-out/>
  <testcase classname="listeners.TestNGListenerdemo" name="test3" time="0.001">
    <skipped/>
  </testcase> <!-- test3 -->
  <system-out/>
</testsuite> <!-- listeners.TestNGListenerdemo -->
