<?xml version="1.0" encoding="UTF-8"?>
<!-- Generated by org.testng.reporters.JUnitReportReporter -->
<testsuite hostname="LAPTOP-DI1V5LOI" failures="0" tests="1" name="demo.TestNGParametersDemo" time="0.008" errors="0" timestamp="2023-02-13T20:29:38 CST" skipped="0">
  <testcase classname="demo.TestNGParametersDemo" name="test" time="0.008"/>
  <system-out/>
</testsuite> <!-- demo.TestNGParametersDemo -->
